build/app/intermediates/manifest_merge_blame_file/release/manifest-merger-blame-release-report.txt
1<?xml version="1.0" encoding="utf-8"?>
2<manifest xmlns:android="http://schemas.android.com/apk/res/android"
3    package="com.punchin.punchin"
4    android:versionCode="1"
5    android:versionName="1.0.0" >
6
7    <uses-sdk
8        android:minSdkVersion="23"
8-->src/main/AndroidManifest.xml
9        android:targetSdkVersion="31" />
9-->src/main/AndroidManifest.xml
10
11    <uses-permission android:name="android.permission.INTERNET" />
11-->src/main/AndroidManifest.xml:3:5-66
11-->src/main/AndroidManifest.xml:3:22-64
12    <uses-permission android:name="android.permission.READ_PHONE_STATE" />
12-->[:alt_sms_autofill] AndroidManifest.xml:9:5-75
12-->[:alt_sms_autofill] AndroidManifest.xml:9:22-72
13    <uses-permission android:name="android.permission.READ_PHONE_NUMBERS" />
13-->[:alt_sms_autofill] AndroidManifest.xml:10:5-77
13-->[:alt_sms_autofill] AndroidManifest.xml:10:22-74
14    <uses-permission android:name="android.permission.RECEIVE_SMS" />
14-->[:alt_sms_autofill] AndroidManifest.xml:11:5-70
14-->[:alt_sms_autofill] AndroidManifest.xml:11:22-67
15
16    <application
17        android:name="android.app.Application"
17-->src/main/AndroidManifest.xml:7:9-42
18        android:appComponentFactory="androidx.core.app.CoreComponentFactory"
18-->[androidx.core:core:1.8.0] AndroidManifest.xml:24:18-86
19        android:extractNativeLibs="false"
20        android:icon="@mipmap/ic_launcher"
20-->src/main/AndroidManifest.xml:8:9-43
21        android:label="punchin" >
21-->src/main/AndroidManifest.xml:6:9-32
22        <activity
22-->src/main/AndroidManifest.xml:9:9-29:20
23            android:name="com.punchin.punchin.MainActivity"
23-->src/main/AndroidManifest.xml:10:13-41
24            android:configChanges="orientation|keyboardHidden|keyboard|screenSize|smallestScreenSize|locale|layoutDirection|fontScale|screenLayout|density|uiMode"
24-->src/main/AndroidManifest.xml:14:13-163
25            android:exported="true"
25-->src/main/AndroidManifest.xml:11:13-36
26            android:hardwareAccelerated="true"
26-->src/main/AndroidManifest.xml:15:13-47
27            android:launchMode="singleTop"
27-->src/main/AndroidManifest.xml:12:13-43
28            android:theme="@style/LaunchTheme"
28-->src/main/AndroidManifest.xml:13:13-47
29            android:windowSoftInputMode="adjustResize" >
29-->src/main/AndroidManifest.xml:16:13-55
30
31            <!--
32                 Specifies an Android theme to apply to this Activity as soon as
33                 the Android process has started. This theme is visible to the user
34                 while the Flutter UI initializes. After that, this theme continues
35                 to determine the Window background behind the Flutter UI.
36            -->
37            <meta-data
37-->src/main/AndroidManifest.xml:21:13-24:17
38                android:name="io.flutter.embedding.android.NormalTheme"
38-->src/main/AndroidManifest.xml:22:15-70
39                android:resource="@style/NormalTheme" />
39-->src/main/AndroidManifest.xml:23:15-52
40
41            <intent-filter>
41-->src/main/AndroidManifest.xml:25:13-28:29
42                <action android:name="android.intent.action.MAIN" />
42-->src/main/AndroidManifest.xml:26:17-68
42-->src/main/AndroidManifest.xml:26:25-66
43
44                <category android:name="android.intent.category.LAUNCHER" />
44-->src/main/AndroidManifest.xml:27:17-76
44-->src/main/AndroidManifest.xml:27:27-74
45            </intent-filter>
46        </activity>
47        <!--
48             Don't delete the meta-data below.
49             This is used by the Flutter tool to generate GeneratedPluginRegistrant.java
50        -->
51        <meta-data
51-->src/main/AndroidManifest.xml:32:9-34:33
52            android:name="flutterEmbedding"
52-->src/main/AndroidManifest.xml:33:13-44
53            android:value="2" />
53-->src/main/AndroidManifest.xml:34:13-30
54
55        <provider
55-->[:image_picker_android] AndroidManifest.xml:10:9-18:20
56            android:name="io.flutter.plugins.imagepicker.ImagePickerFileProvider"
56-->[:image_picker_android] AndroidManifest.xml:11:13-82
57            android:authorities="com.punchin.punchin.flutter.image_provider"
57-->[:image_picker_android] AndroidManifest.xml:12:13-74
58            android:exported="false"
58-->[:image_picker_android] AndroidManifest.xml:13:13-37
59            android:grantUriPermissions="true" >
59-->[:image_picker_android] AndroidManifest.xml:14:13-47
60            <meta-data
60-->[:image_picker_android] AndroidManifest.xml:15:13-17:75
61                android:name="android.support.FILE_PROVIDER_PATHS"
61-->[:image_picker_android] AndroidManifest.xml:16:17-67
62                android:resource="@xml/flutter_image_picker_file_paths" />
62-->[:image_picker_android] AndroidManifest.xml:17:17-72
63        </provider>
64
65        <uses-library
65-->[androidx.window:window:1.0.0-beta04] AndroidManifest.xml:25:9-27:40
66            android:name="androidx.window.extensions"
66-->[androidx.window:window:1.0.0-beta04] AndroidManifest.xml:26:13-54
67            android:required="false" />
67-->[androidx.window:window:1.0.0-beta04] AndroidManifest.xml:27:13-37
68        <uses-library
68-->[androidx.window:window:1.0.0-beta04] AndroidManifest.xml:28:9-30:40
69            android:name="androidx.window.sidecar"
69-->[androidx.window:window:1.0.0-beta04] AndroidManifest.xml:29:13-51
70            android:required="false" />
70-->[androidx.window:window:1.0.0-beta04] AndroidManifest.xml:30:13-37
71
72        <activity
72-->[com.google.android.gms:play-services-auth:18.1.0] AndroidManifest.xml:23:9-27:75
73            android:name="com.google.android.gms.auth.api.signin.internal.SignInHubActivity"
73-->[com.google.android.gms:play-services-auth:18.1.0] AndroidManifest.xml:24:13-93
74            android:excludeFromRecents="true"
74-->[com.google.android.gms:play-services-auth:18.1.0] AndroidManifest.xml:25:13-46
75            android:exported="false"
75-->[com.google.android.gms:play-services-auth:18.1.0] AndroidManifest.xml:26:13-37
76            android:theme="@android:style/Theme.Translucent.NoTitleBar" />
76-->[com.google.android.gms:play-services-auth:18.1.0] AndroidManifest.xml:27:13-72
77        <!--
78            Service handling Google Sign-In user revocation. For apps that do not integrate with
79            Google Sign-In, this service will never be started.
80        -->
81        <service
81-->[com.google.android.gms:play-services-auth:18.1.0] AndroidManifest.xml:33:9-37:51
82            android:name="com.google.android.gms.auth.api.signin.RevocationBoundService"
82-->[com.google.android.gms:play-services-auth:18.1.0] AndroidManifest.xml:34:13-89
83            android:exported="true"
83-->[com.google.android.gms:play-services-auth:18.1.0] AndroidManifest.xml:35:13-36
84            android:permission="com.google.android.gms.auth.api.signin.permission.REVOCATION_NOTIFICATION"
84-->[com.google.android.gms:play-services-auth:18.1.0] AndroidManifest.xml:36:13-107
85            android:visibleToInstantApps="true" />
85-->[com.google.android.gms:play-services-auth:18.1.0] AndroidManifest.xml:37:13-48
86
87        <activity
87-->[com.google.android.gms:play-services-base:17.1.0] AndroidManifest.xml:23:9-26:75
88            android:name="com.google.android.gms.common.api.GoogleApiActivity"
88-->[com.google.android.gms:play-services-base:17.1.0] AndroidManifest.xml:24:13-79
89            android:exported="false"
89-->[com.google.android.gms:play-services-base:17.1.0] AndroidManifest.xml:25:13-37
90            android:theme="@android:style/Theme.Translucent.NoTitleBar" />
90-->[com.google.android.gms:play-services-base:17.1.0] AndroidManifest.xml:26:13-72
91
92        <meta-data
92-->[com.google.android.gms:play-services-basement:17.1.1] AndroidManifest.xml:23:9-25:69
93            android:name="com.google.android.gms.version"
93-->[com.google.android.gms:play-services-basement:17.1.1] AndroidManifest.xml:24:13-58
94            android:value="@integer/google_play_services_version" />
94-->[com.google.android.gms:play-services-basement:17.1.1] AndroidManifest.xml:25:13-66
95    </application>
96
97</manifest>